<?xml version="1.0" encoding="UTF-8"?>
<testsuite xmlns:xsi="http://www.w3.org/2001/XMLSchema-instance" xsi:noNamespaceSchemaLocation="https://maven.apache.org/surefire/maven-surefire-plugin/xsd/surefire-test-report.xsd" name="CalculatorTest" time="0.229" tests="28" errors="0" skipped="0" failures="0">
  <properties>
    <property name="java.specification.version" value="16"/>
    <property name="sun.cpu.isalist" value="amd64"/>
    <property name="sun.jnu.encoding" value="Cp1251"/>
    <property name="java.class.path" value="D:\Java Cases\Языки и методы программирования\Calculator\target\test-classes;D:\Java Cases\Языки и методы программирования\Calculator\target\classes;C:\Users\egor_\.m2\repository\junit\junit\4.13.2\junit-4.13.2.jar;C:\Users\egor_\.m2\repository\org\hamcrest\hamcrest-core\1.3\hamcrest-core-1.3.jar;C:\Users\egor_\.m2\repository\org\junit\jupiter\junit-jupiter\5.8.1\junit-jupiter-5.8.1.jar;C:\Users\egor_\.m2\repository\org\junit\jupiter\junit-jupiter-api\5.8.1\junit-jupiter-api-5.8.1.jar;C:\Users\egor_\.m2\repository\org\opentest4j\opentest4j\1.2.0\opentest4j-1.2.0.jar;C:\Users\egor_\.m2\repository\org\junit\platform\junit-platform-commons\1.8.1\junit-platform-commons-1.8.1.jar;C:\Users\egor_\.m2\repository\org\apiguardian\apiguardian-api\1.1.2\apiguardian-api-1.1.2.jar;C:\Users\egor_\.m2\repository\org\junit\jupiter\junit-jupiter-params\5.8.1\junit-jupiter-params-5.8.1.jar;C:\Users\egor_\.m2\repository\org\junit\jupiter\junit-jupiter-engine\5.8.1\junit-jupiter-engine-5.8.1.jar;C:\Users\egor_\.m2\repository\org\junit\platform\junit-platform-engine\1.8.1\junit-platform-engine-1.8.1.jar;"/>
    <property name="java.vm.vendor" value="Oracle Corporation"/>
    <property name="sun.arch.data.model" value="64"/>
    <property name="user.variant" value=""/>
    <property name="java.vendor.url" value="https://java.oracle.com/"/>
    <property name="user.timezone" value="Asia/Yekaterinburg"/>
    <property name="os.name" value="Windows 10"/>
    <property name="java.vm.specification.version" value="16"/>
    <property name="sun.java.launcher" value="SUN_STANDARD"/>
    <property name="user.country" value="RU"/>
    <property name="sun.boot.library.path" value="C:\Program Files\Java\jdk-16.0.2\bin"/>
    <property name="sun.java.command" value="C:\Users\egor_\AppData\Local\Temp\surefire4660025844534990760\surefirebooter1089398692989307393.jar C:\Users\egor_\AppData\Local\Temp\surefire4660025844534990760 2021-10-28T17-57-01_859-jvmRun1 surefire8142415792833739194tmp surefire_02306906844817373997tmp"/>
    <property name="jdk.debug" value="release"/>
    <property name="surefire.test.class.path" value="D:\Java Cases\Языки и методы программирования\Calculator\target\test-classes;D:\Java Cases\Языки и методы программирования\Calculator\target\classes;C:\Users\egor_\.m2\repository\junit\junit\4.13.2\junit-4.13.2.jar;C:\Users\egor_\.m2\repository\org\hamcrest\hamcrest-core\1.3\hamcrest-core-1.3.jar;C:\Users\egor_\.m2\repository\org\junit\jupiter\junit-jupiter\5.8.1\junit-jupiter-5.8.1.jar;C:\Users\egor_\.m2\repository\org\junit\jupiter\junit-jupiter-api\5.8.1\junit-jupiter-api-5.8.1.jar;C:\Users\egor_\.m2\repository\org\opentest4j\opentest4j\1.2.0\opentest4j-1.2.0.jar;C:\Users\egor_\.m2\repository\org\junit\platform\junit-platform-commons\1.8.1\junit-platform-commons-1.8.1.jar;C:\Users\egor_\.m2\repository\org\apiguardian\apiguardian-api\1.1.2\apiguardian-api-1.1.2.jar;C:\Users\egor_\.m2\repository\org\junit\jupiter\junit-jupiter-params\5.8.1\junit-jupiter-params-5.8.1.jar;C:\Users\egor_\.m2\repository\org\junit\jupiter\junit-jupiter-engine\5.8.1\junit-jupiter-engine-5.8.1.jar;C:\Users\egor_\.m2\repository\org\junit\platform\junit-platform-engine\1.8.1\junit-platform-engine-1.8.1.jar;"/>
    <property name="sun.cpu.endian" value="little"/>
    <property name="user.home" value="C:\Users\egor_"/>
    <property name="user.language" value="ru"/>
    <property name="java.specification.vendor" value="Oracle Corporation"/>
    <property name="java.version.date" value="2021-07-20"/>
    <property name="java.home" value="C:\Program Files\Java\jdk-16.0.2"/>
    <property name="file.separator" value="\"/>
    <property name="basedir" value="D:\Java Cases\Языки и методы программирования\Calculator"/>
    <property name="java.vm.compressedOopsMode" value="32-bit"/>
    <property name="line.separator" value="&#10;"/>
    <property name="java.vm.specification.vendor" value="Oracle Corporation"/>
    <property name="java.specification.name" value="Java Platform API Specification"/>
    <property name="surefire.real.class.path" value="C:\Users\egor_\AppData\Local\Temp\surefire4660025844534990760\surefirebooter1089398692989307393.jar"/>
    <property name="user.script" value=""/>
    <property name="sun.management.compiler" value="HotSpot 64-Bit Tiered Compilers"/>
    <property name="java.runtime.version" value="16.0.2+7-67"/>
    <property name="user.name" value="egor_"/>
    <property name="path.separator" value=";"/>
    <property name="os.version" value="10.0"/>
    <property name="java.runtime.name" value="Java(TM) SE Runtime Environment"/>
    <property name="file.encoding" value="Cp1251"/>
    <property name="java.vm.name" value="Java HotSpot(TM) 64-Bit Server VM"/>
    <property name="localRepository" value="C:\Users\egor_\.m2\repository"/>
    <property name="java.vendor.url.bug" value="https://bugreport.java.com/bugreport/"/>
    <property name="java.io.tmpdir" value="C:\Users\egor_\AppData\Local\Temp\"/>
    <property name="java.version" value="16.0.2"/>
    <property name="user.dir" value="D:\Java Cases\Языки и методы программирования\Calculator"/>
    <property name="os.arch" value="amd64"/>
    <property name="java.vm.specification.name" value="Java Virtual Machine Specification"/>
    <property name="sun.os.patch.level" value=""/>
    <property name="java.library.path" value="C:\Program Files\Java\jdk-16.0.2\bin;C:\Windows\Sun\Java\bin;C:\Windows\system32;C:\Windows;C:\Program Files (x86)\Common Files\Oracle\Java\javapath;C:\Program Files\Common Files\Oracle\Java\javapath;C:\Windows\system32;C:\Windows;C:\Windows\System32\Wbem;C:\Windows\System32\WindowsPowerShell\v1.0\;C:\Windows\System32\OpenSSH\;C:\Program Files\dotnet\;C:\Program Files\Microsoft SQL Server\130\Tools\Binn\;C:\Program Files\Microsoft SQL Server\Client SDK\ODBC\170\Tools\Binn\;C:\Program Files\Git\cmd;C:\Program Files\Git\cmd;C:\Program Files\maven\bin;C:\Users\egor_\AppData\Local\Microsoft\WindowsApps;D:\Heroku\bin;C:\Users\egor_\.dotnet\tools;C:\Users\egor_\AppData\Local\GitHubDesktop\bin;D:\Java IntelliJ IDEA\IntelliJ IDEA Community Edition 2021.2.3\bin;;."/>
    <property name="java.vm.info" value="mixed mode, sharing"/>
    <property name="java.vendor" value="Oracle Corporation"/>
    <property name="java.vm.version" value="16.0.2+7-67"/>
    <property name="sun.io.unicode.encoding" value="UnicodeLittle"/>
    <property name="java.class.version" value="60.0"/>
  </properties>
  <testcase name="divisionTest{double}[1]" classname="CalculatorTest" time="0.066"/>
  <testcase name="divisionTest{double}[2]" classname="CalculatorTest" time="0.001"/>
  <testcase name="divisionTest{double}[3]" classname="CalculatorTest" time="0.001"/>
  <testcase name="divisionTest{double}[4]" classname="CalculatorTest" time="0.001"/>
  <testcase name="divisionTest{double}[5]" classname="CalculatorTest" time="0.002"/>
  <testcase name="divisionTest{double}[6]" classname="CalculatorTest" time="0.001"/>
  <testcase name="divisionTest{double}[7]" classname="CalculatorTest" time="0.002"/>
  <testcase name="divisionTest{double}[8]" classname="CalculatorTest" time="0.001"/>
  <testcase name="divisionTest{double}[9]" classname="CalculatorTest" time="0.001"/>
  <testcase name="divisionTest{double}[10]" classname="CalculatorTest" time="0.001"/>
  <testcase name="additionTest{double}[1]" classname="CalculatorTest" time="0.003"/>
  <testcase name="additionTest{double}[2]" classname="CalculatorTest" time="0.001"/>
  <testcase name="additionTest{double}[3]" classname="CalculatorTest" time="0.001"/>
  <testcase name="additionTest{double}[4]" classname="CalculatorTest" time="0.001"/>
  <testcase name="additionTest{double}[5]" classname="CalculatorTest" time="0.001"/>
  <testcase name="additionTest{double}[6]" classname="CalculatorTest" time="0.001"/>
  <testcase name="additionTest{double}[7]" classname="CalculatorTest" time="0.001"/>
  <testcase name="additionTest{double}[8]" classname="CalculatorTest" time="0"/>
  <testcase name="multiplicationTest{int}[1]" classname="CalculatorTest" time="0.004"/>
  <testcase name="multiplicationTest{int}[2]" classname="CalculatorTest" time="0.001"/>
  <testcase name="multiplicationTest{int}[3]" classname="CalculatorTest" time="0.001"/>
  <testcase name="multiplicationTest{int}[4]" classname="CalculatorTest" time="0.001"/>
  <testcase name="multiplicationTest{int}[5]" classname="CalculatorTest" time="0.001"/>
  <testcase name="multiplicationTest{int}[6]" classname="CalculatorTest" time="0.001"/>
  <testcase name="multiplicationTest{int}[7]" classname="CalculatorTest" time="0"/>
  <testcase name="multiplicationTest{int}[8]" classname="CalculatorTest" time="0.001"/>
  <testcase name="multiplicationTest{int}[9]" classname="CalculatorTest" time="0.001"/>
  <testcase name="multiplicationTest{int}[10]" classname="CalculatorTest" time="0.001"/>
</testsuite>